<component name="libraryTable">
  <library name="junit-4.10">
    <CLASSES>
      <root url="jar://$USER_HOME$/.gradle/caches/artifacts-26/filestore/junit/junit/4.10/jar/e4f1766ce7404a08f45d859fb9c226fc9e41a861/junit-4.10.jar!/" />
    </CLASSES>
    <JAVADOC />
    <SOURCES />
  </library>
</component>